c:\users\vitalii\documents\visual studio 2015\projects\diploma_reliase\diploma_reliase\x64\debug\vc140.pdb
c:\users\vitalii\documents\visual studio 2015\projects\diploma_reliase\diploma_reliase\x64\debug\shotimages.obj
c:\users\vitalii\documents\visual studio 2015\projects\diploma_reliase\diploma_reliase\x64\debug\main.obj
c:\users\vitalii\documents\visual studio 2015\projects\diploma_reliase\diploma_reliase\x64\debug\moc_shotimages.obj
c:\users\vitalii\documents\visual studio 2015\projects\diploma_reliase\diploma_reliase\x64\debug\moc_diploma_reliase.obj
c:\users\vitalii\documents\visual studio 2015\projects\diploma_reliase\diploma_reliase\x64\debug\moc_demonstratewindow.obj
c:\users\vitalii\documents\visual studio 2015\projects\diploma_reliase\diploma_reliase\x64\debug\moc_calibrateimages.obj
c:\users\vitalii\documents\visual studio 2015\projects\diploma_reliase\diploma_reliase\x64\debug\diploma_reliase.obj
c:\users\vitalii\documents\visual studio 2015\projects\diploma_reliase\diploma_reliase\x64\debug\demonstratewindow.obj
c:\users\vitalii\documents\visual studio 2015\projects\diploma_reliase\diploma_reliase\x64\debug\calibrateimages.obj
c:\users\vitalii\documents\visual studio 2015\projects\diploma_reliase\diploma_reliase\x64\debug\qrc_diploma_reliase.obj
c:\users\vitalii\documents\visual studio 2015\projects\diploma_reliase\diploma_reliase\generatedfiles\debug\moc_diploma_reliase.cpp
c:\users\vitalii\documents\visual studio 2015\projects\diploma_reliase\diploma_reliase\generatedfiles\ui_diploma_reliase.h
c:\users\vitalii\documents\visual studio 2015\projects\diploma_reliase\diploma_reliase\generatedfiles\debug\moc_calibrateimages.cpp
c:\users\vitalii\documents\visual studio 2015\projects\diploma_reliase\diploma_reliase\generatedfiles\debug\moc_demonstratewindow.cpp
c:\users\vitalii\documents\visual studio 2015\projects\diploma_reliase\diploma_reliase\generatedfiles\debug\moc_shotimages.cpp
c:\users\vitalii\documents\visual studio 2015\projects\diploma_reliase\diploma_reliase\generatedfiles\qrc_diploma_reliase.cpp
c:\users\vitalii\documents\visual studio 2015\projects\diploma_reliase\x64\debug\diploma_reliase.pdb
c:\users\vitalii\documents\visual studio 2015\projects\diploma_reliase\diploma_reliase\x64\debug\diploma_reliase.tlog\cl.command.1.tlog
c:\users\vitalii\documents\visual studio 2015\projects\diploma_reliase\diploma_reliase\x64\debug\diploma_reliase.tlog\cl.read.1.tlog
c:\users\vitalii\documents\visual studio 2015\projects\diploma_reliase\diploma_reliase\x64\debug\diploma_reliase.tlog\cl.write.1.tlog
c:\users\vitalii\documents\visual studio 2015\projects\diploma_reliase\diploma_reliase\x64\debug\diploma_reliase.tlog\custombuild.command.1.tlog
c:\users\vitalii\documents\visual studio 2015\projects\diploma_reliase\diploma_reliase\x64\debug\diploma_reliase.tlog\custombuild.read.1.tlog
c:\users\vitalii\documents\visual studio 2015\projects\diploma_reliase\diploma_reliase\x64\debug\diploma_reliase.tlog\custombuild.write.1.tlog
c:\users\vitalii\documents\visual studio 2015\projects\diploma_reliase\diploma_reliase\x64\debug\diploma_reliase.tlog\link-cvtres.read.1.tlog
c:\users\vitalii\documents\visual studio 2015\projects\diploma_reliase\diploma_reliase\x64\debug\diploma_reliase.tlog\link-cvtres.write.1.tlog
c:\users\vitalii\documents\visual studio 2015\projects\diploma_reliase\diploma_reliase\x64\debug\diploma_reliase.tlog\link-rc.read.1.tlog
c:\users\vitalii\documents\visual studio 2015\projects\diploma_reliase\diploma_reliase\x64\debug\diploma_reliase.tlog\link-rc.write.1.tlog
c:\users\vitalii\documents\visual studio 2015\projects\diploma_reliase\diploma_reliase\x64\debug\diploma_reliase.tlog\link.command.1.tlog
c:\users\vitalii\documents\visual studio 2015\projects\diploma_reliase\diploma_reliase\x64\debug\diploma_reliase.tlog\link.read.1.tlog
c:\users\vitalii\documents\visual studio 2015\projects\diploma_reliase\diploma_reliase\x64\debug\diploma_reliase.tlog\link.write.1.tlog
